<?xml version="1.0" encoding="UTF-8"?>
<testng-results skipped="0" failed="0" total="1" passed="1">
  <reporter-output>
  </reporter-output>
  <suite name="Default suite" duration-ms="11754" started-at="2017-11-06T23:30:16Z" finished-at="2017-11-06T23:30:28Z">
    <groups>
    </groups>
    <test name="Default test" duration-ms="11754" started-at="2017-11-06T23:30:16Z" finished-at="2017-11-06T23:30:28Z">
      <class name="automationTestNg.SignIn">
        <test-method status="PASS" signature="beforeClass()[pri:0, instance:automationTestNg.SignIn@457e2f02]" name="beforeClass" is-config="true" duration-ms="5135" started-at="2017-11-06T15:30:16Z" finished-at="2017-11-06T15:30:21Z">
          <reporter-output>
          </reporter-output>
        </test-method> <!-- beforeClass -->
        <test-method status="PASS" signature="Registration()[pri:0, instance:automationTestNg.SignIn@457e2f02]" name="Registration" duration-ms="6605" started-at="2017-11-06T15:30:21Z" finished-at="2017-11-06T15:30:28Z">
          <reporter-output>
          </reporter-output>
        </test-method> <!-- Registration -->
        <test-method status="PASS" signature="afterClass()[pri:0, instance:automationTestNg.SignIn@457e2f02]" name="afterClass" is-config="true" duration-ms="1" started-at="2017-11-06T15:30:28Z" finished-at="2017-11-06T15:30:28Z">
          <reporter-output>
          </reporter-output>
        </test-method> <!-- afterClass -->
      </class> <!-- automationTestNg.SignIn -->
    </test> <!-- Default test -->
  </suite> <!-- Default suite -->
</testng-results>
